# JRE version: OpenJDK Runtime Environment (23.0.2+7) (build 23.0.2+7-58)
# Java VM: OpenJDK 64-Bit Server VM (23.0.2+7-58, mixed mode, sharing, tiered, compressed oops, compressed class ptrs, g1 gc, windows-amd64)
GC Precious Log:
 CardTable entry size: 512
 Card Set container configuration: InlinePtr #cards 4 size 8 Array Of Cards #cards 16 size 48 Howl #buckets 8 coarsen threshold 3686 Howl Bitmap #cards 512 size 80 coarsen threshold 460 Card regions per heap region 1 cards per card region 4096
 CPUs: 16 total, 16 available
 Memory: 15791M
 Large Page Support: Disabled
 NUMA Support: Disabled
 Compressed Oops: Enabled (Zero based)
 Heap Region Size: 2M
 Heap Min Capacity: 8M
 Heap Initial Capacity: 248M
 Heap Max Capacity: 3948M
 Pre-touch: Disabled
 Parallel Workers: 13
 Concurrent Workers: 3
 Concurrent Refinement Workers: 13
 Periodic GC: Disabled
Heap:
 garbage-first heap   total reserved 4042752K, committed 75776K, used 35745K [0x0000000709400000, 0x0000000800000000)
  region size 2048K, 6 young (12288K), 1 survivors (2048K)
 Metaspace       used 64325K, committed 65024K, reserved 1114112K
  class space    used 7526K, committed 7936K, reserved 1048576K
GC Heap History (20 events):
Event: 41077.930 GC heap before
{Heap before GC invocations=222 (full 0):
 garbage-first heap   total reserved 4042752K, committed 75776K, used 64305K [0x0000000709400000, 0x0000000800000000)
  region size 2048K, 19 young (38912K), 1 survivors (2048K)
 Metaspace       used 64323K, committed 64960K, reserved 1114112K
  class space    used 7526K, committed 7936K, reserved 1048576K
}
Event: 41077.932 GC heap after
{Heap after GC invocations=223 (full 0):
 garbage-first heap   total reserved 4042752K, committed 75776K, used 27485K [0x0000000709400000, 0x0000000800000000)
  region size 2048K, 1 young (2048K), 1 survivors (2048K)
 Metaspace       used 64323K, committed 64960K, reserved 1114112K
  class space    used 7526K, committed 7936K, reserved 1048576K
}
Event: 41078.641 GC heap before
{Heap before GC invocations=223 (full 0):
 garbage-first heap   total reserved 4042752K, committed 75776K, used 64349K [0x0000000709400000, 0x0000000800000000)
  region size 2048K, 19 young (38912K), 1 survivors (2048K)
 Metaspace       used 64323K, committed 64960K, reserved 1114112K
  class space    used 7526K, committed 7936K, reserved 1048576K
}
Event: 41078.644 GC heap after
{Heap after GC invocations=224 (full 0):
 garbage-first heap   total reserved 4042752K, committed 75776K, used 27520K [0x0000000709400000, 0x0000000800000000)
  region size 2048K, 1 young (2048K), 1 survivors (2048K)
 Metaspace       used 64323K, committed 64960K, reserved 1114112K
  class space    used 7526K, committed 7936K, reserved 1048576K
}
Event: 41079.358 GC heap before
{Heap before GC invocations=225 (full 0):
 garbage-first heap   total reserved 4042752K, committed 75776K, used 64384K [0x0000000709400000, 0x0000000800000000)
  region size 2048K, 19 young (38912K), 1 survivors (2048K)
 Metaspace       used 64323K, committed 64960K, reserved 1114112K
  class space    used 7526K, committed 7936K, reserved 1048576K
}
Event: 41079.360 GC heap after
{Heap after GC invocations=226 (full 0):
 garbage-first heap   total reserved 4042752K, committed 75776K, used 27537K [0x0000000709400000, 0x0000000800000000)
  region size 2048K, 1 young (2048K), 1 survivors (2048K)
 Metaspace       used 64323K, committed 64960K, reserved 1114112K
  class space    used 7526K, committed 7936K, reserved 1048576K
}
Event: 41079.976 GC heap before
{Heap before GC invocations=226 (full 0):
 garbage-first heap   total reserved 4042752K, committed 75776K, used 64401K [0x0000000709400000, 0x0000000800000000)
  region size 2048K, 19 young (38912K), 1 survivors (2048K)
 Metaspace       used 64323K, committed 64960K, reserved 1114112K
  class space    used 7526K, committed 7936K, reserved 1048576K
}
Event: 41079.977 GC heap after
{Heap after GC invocations=227 (full 0):
 garbage-first heap   total reserved 4042752K, committed 75776K, used 27559K [0x0000000709400000, 0x0000000800000000)
  region size 2048K, 1 young (2048K), 1 survivors (2048K)
 Metaspace       used 64323K, committed 64960K, reserved 1114112K
  class space    used 7526K, committed 7936K, reserved 1048576K
}
Event: 41080.522 GC heap before
{Heap before GC invocations=228 (full 0):
 garbage-first heap   total reserved 4042752K, committed 75776K, used 64423K [0x0000000709400000, 0x0000000800000000)
  region size 2048K, 19 young (38912K), 1 survivors (2048K)
 Metaspace       used 64323K, committed 64960K, reserved 1114112K
  class space    used 7526K, committed 7936K, reserved 1048576K
}
Event: 41080.523 GC heap after
{Heap after GC invocations=229 (full 0):
 garbage-first heap   total reserved 4042752K, committed 75776K, used 27545K [0x0000000709400000, 0x0000000800000000)
  region size 2048K, 1 young (2048K), 1 survivors (2048K)
 Metaspace       used 64323K, committed 64960K, reserved 1114112K
  class space    used 7526K, committed 7936K, reserved 1048576K
}
Event: 41080.919 GC heap before
{Heap before GC invocations=229 (full 0):
 garbage-first heap   total reserved 4042752K, committed 75776K, used 64409K [0x0000000709400000, 0x0000000800000000)
  region size 2048K, 19 young (38912K), 1 survivors (2048K)
 Metaspace       used 64323K, committed 64960K, reserved 1114112K
  class space    used 7526K, committed 7936K, reserved 1048576K
}
Event: 41080.921 GC heap after
{Heap after GC invocations=230 (full 0):
 garbage-first heap   total reserved 4042752K, committed 75776K, used 27563K [0x0000000709400000, 0x0000000800000000)
  region size 2048K, 1 young (2048K), 1 survivors (2048K)
 Metaspace       used 64323K, committed 64960K, reserved 1114112K
  class space    used 7526K, committed 7936K, reserved 1048576K
}
Event: 41081.750 GC heap before
{Heap before GC invocations=231 (full 0):
 garbage-first heap   total reserved 4042752K, committed 75776K, used 64427K [0x0000000709400000, 0x0000000800000000)
  region size 2048K, 19 young (38912K), 1 survivors (2048K)
 Metaspace       used 64323K, committed 64960K, reserved 1114112K
  class space    used 7526K, committed 7936K, reserved 1048576K
}
Event: 41081.751 GC heap after
{Heap after GC invocations=232 (full 0):
 garbage-first heap   total reserved 4042752K, committed 75776K, used 27482K [0x0000000709400000, 0x0000000800000000)
  region size 2048K, 1 young (2048K), 1 survivors (2048K)
 Metaspace       used 64323K, committed 64960K, reserved 1114112K
  class space    used 7526K, committed 7936K, reserved 1048576K
}
Event: 41083.348 GC heap before
{Heap before GC invocations=232 (full 0):
 garbage-first heap   total reserved 4042752K, committed 75776K, used 64346K [0x0000000709400000, 0x0000000800000000)
  region size 2048K, 19 young (38912K), 1 survivors (2048K)
 Metaspace       used 64323K, committed 64960K, reserved 1114112K
  class space    used 7526K, committed 7936K, reserved 1048576K
}
Event: 41083.350 GC heap after
{Heap after GC invocations=233 (full 0):
 garbage-first heap   total reserved 4042752K, committed 75776K, used 27449K [0x0000000709400000, 0x0000000800000000)
  region size 2048K, 1 young (2048K), 1 survivors (2048K)
 Metaspace       used 64323K, committed 64960K, reserved 1114112K
  class space    used 7526K, committed 7936K, reserved 1048576K
}
Event: 41084.171 GC heap before
{Heap before GC invocations=234 (full 0):
 garbage-first heap   total reserved 4042752K, committed 75776K, used 64313K [0x0000000709400000, 0x0000000800000000)
  region size 2048K, 19 young (38912K), 1 survivors (2048K)
 Metaspace       used 64324K, committed 64960K, reserved 1114112K
  class space    used 7526K, committed 7936K, reserved 1048576K
}
Event: 41084.172 GC heap after
{Heap after GC invocations=235 (full 0):
 garbage-first heap   total reserved 4042752K, committed 75776K, used 27513K [0x0000000709400000, 0x0000000800000000)
  region size 2048K, 1 young (2048K), 1 survivors (2048K)
 Metaspace       used 64324K, committed 64960K, reserved 1114112K
  class space    used 7526K, committed 7936K, reserved 1048576K
}
Event: 41084.574 GC heap before
{Heap before GC invocations=235 (full 0):
 garbage-first heap   total reserved 4042752K, committed 75776K, used 64377K [0x0000000709400000, 0x0000000800000000)
  region size 2048K, 19 young (38912K), 1 survivors (2048K)
 Metaspace       used 64324K, committed 64960K, reserved 1114112K
  class space    used 7526K, committed 7936K, reserved 1048576K
}
Event: 41084.576 GC heap after
{Heap after GC invocations=236 (full 0):
 garbage-first heap   total reserved 4042752K, committed 75776K, used 27553K [0x0000000709400000, 0x0000000800000000)
  region size 2048K, 1 young (2048K), 1 survivors (2048K)
 Metaspace       used 64324K, committed 64960K, reserved 1114112K
  class space    used 7526K, committed 7936K, reserved 1048576K
}

