# JRE version: OpenJDK Runtime Environment (23.0.2+7) (build 23.0.2+7-58)
# Java VM: OpenJDK 64-Bit Server VM (23.0.2+7-58, mixed mode, sharing, tiered, compressed oops, compressed class ptrs, g1 gc, windows-amd64)
GC Precious Log:
 CardTable entry size: 512
 Card Set container configuration: InlinePtr #cards 4 size 8 Array Of Cards #cards 16 size 48 Howl #buckets 8 coarsen threshold 3686 Howl Bitmap #cards 512 size 80 coarsen threshold 460 Card regions per heap region 1 cards per card region 4096
 CPUs: 16 total, 16 available
 Memory: 15791M
 Large Page Support: Disabled
 NUMA Support: Disabled
 Compressed Oops: Enabled (Zero based)
 Heap Region Size: 2M
 Heap Min Capacity: 8M
 Heap Initial Capacity: 248M
 Heap Max Capacity: 3948M
 Pre-touch: Disabled
 Parallel Workers: 13
 Concurrent Workers: 3
 Concurrent Refinement Workers: 13
 Periodic GC: Disabled
Heap:
 garbage-first heap   total reserved 4042752K, committed 75776K, used 56825K [0x0000000709400000, 0x0000000800000000)
  region size 2048K, 18 young (36864K), 3 survivors (6144K)
 Metaspace       used 51419K, committed 52096K, reserved 1114112K
  class space    used 6714K, committed 6976K, reserved 1048576K
GC Heap History (16 events):
Event: 0.771 GC heap before
{Heap before GC invocations=0 (full 0):
 garbage-first heap   total reserved 4042752K, committed 253952K, used 22528K [0x0000000709400000, 0x0000000800000000)
  region size 2048K, 12 young (24576K), 0 survivors (0K)
 Metaspace       used 2908K, committed 3136K, reserved 1114112K
  class space    used 294K, committed 384K, reserved 1048576K
}
Event: 0.779 GC heap after
{Heap after GC invocations=1 (full 0):
 garbage-first heap   total reserved 4042752K, committed 253952K, used 10406K [0x0000000709400000, 0x0000000800000000)
  region size 2048K, 2 young (4096K), 2 survivors (4096K)
 Metaspace       used 2908K, committed 3136K, reserved 1114112K
  class space    used 294K, committed 384K, reserved 1048576K
}
Event: 1.288 GC heap before
{Heap before GC invocations=1 (full 0):
 garbage-first heap   total reserved 4042752K, committed 253952K, used 26790K [0x0000000709400000, 0x0000000800000000)
  region size 2048K, 11 young (22528K), 2 survivors (4096K)
 Metaspace       used 7039K, committed 7232K, reserved 1114112K
  class space    used 819K, committed 896K, reserved 1048576K
}
Event: 1.294 GC heap after
{Heap after GC invocations=2 (full 0):
 garbage-first heap   total reserved 4042752K, committed 253952K, used 14572K [0x0000000709400000, 0x0000000800000000)
  region size 2048K, 2 young (4096K), 2 survivors (4096K)
 Metaspace       used 7039K, committed 7232K, reserved 1114112K
  class space    used 819K, committed 896K, reserved 1048576K
}
Event: 2.512 GC heap before
{Heap before GC invocations=2 (full 0):
 garbage-first heap   total reserved 4042752K, committed 253952K, used 63724K [0x0000000709400000, 0x0000000800000000)
  region size 2048K, 27 young (55296K), 2 survivors (4096K)
 Metaspace       used 19847K, committed 20224K, reserved 1114112K
  class space    used 2470K, committed 2624K, reserved 1048576K
}
Event: 2.519 GC heap after
{Heap after GC invocations=3 (full 0):
 garbage-first heap   total reserved 4042752K, committed 253952K, used 18846K [0x0000000709400000, 0x0000000800000000)
  region size 2048K, 4 young (8192K), 4 survivors (8192K)
 Metaspace       used 19847K, committed 20224K, reserved 1114112K
  class space    used 2470K, committed 2624K, reserved 1048576K
}
Event: 3.017 GC heap before
{Heap before GC invocations=3 (full 0):
 garbage-first heap   total reserved 4042752K, committed 253952K, used 35230K [0x0000000709400000, 0x0000000800000000)
  region size 2048K, 13 young (26624K), 4 survivors (8192K)
 Metaspace       used 21235K, committed 21504K, reserved 1114112K
  class space    used 2624K, committed 2752K, reserved 1048576K
}
Event: 3.025 GC heap after
{Heap after GC invocations=4 (full 0):
 garbage-first heap   total reserved 4042752K, committed 253952K, used 20689K [0x0000000709400000, 0x0000000800000000)
  region size 2048K, 2 young (4096K), 2 survivors (4096K)
 Metaspace       used 21235K, committed 21504K, reserved 1114112K
  class space    used 2624K, committed 2752K, reserved 1048576K
}
Event: 4.270 GC heap before
{Heap before GC invocations=5 (full 0):
 garbage-first heap   total reserved 4042752K, committed 75776K, used 59601K [0x0000000709400000, 0x0000000800000000)
  region size 2048K, 22 young (45056K), 2 survivors (4096K)
 Metaspace       used 28617K, committed 29120K, reserved 1114112K
  class space    used 3599K, committed 3840K, reserved 1048576K
}
Event: 4.278 GC heap after
{Heap after GC invocations=6 (full 0):
 garbage-first heap   total reserved 4042752K, committed 75776K, used 24165K [0x0000000709400000, 0x0000000800000000)
  region size 2048K, 3 young (6144K), 3 survivors (6144K)
 Metaspace       used 28617K, committed 29120K, reserved 1114112K
  class space    used 3599K, committed 3840K, reserved 1048576K
}
Event: 5.594 GC heap before
{Heap before GC invocations=6 (full 0):
 garbage-first heap   total reserved 4042752K, committed 75776K, used 54885K [0x0000000709400000, 0x0000000800000000)
  region size 2048K, 19 young (38912K), 3 survivors (6144K)
 Metaspace       used 33857K, committed 34432K, reserved 1114112K
  class space    used 4429K, committed 4672K, reserved 1048576K
}
Event: 5.600 GC heap after
{Heap after GC invocations=7 (full 0):
 garbage-first heap   total reserved 4042752K, committed 75776K, used 25763K [0x0000000709400000, 0x0000000800000000)
  region size 2048K, 2 young (4096K), 2 survivors (4096K)
 Metaspace       used 33857K, committed 34432K, reserved 1114112K
  class space    used 4429K, committed 4672K, reserved 1048576K
}
Event: 5.978 GC heap before
{Heap before GC invocations=7 (full 0):
 garbage-first heap   total reserved 4042752K, committed 75776K, used 33955K [0x0000000709400000, 0x0000000800000000)
  region size 2048K, 7 young (14336K), 2 survivors (4096K)
 Metaspace       used 35419K, committed 35968K, reserved 1114112K
  class space    used 4660K, committed 4928K, reserved 1048576K
}
Event: 5.982 GC heap after
{Heap after GC invocations=8 (full 0):
 garbage-first heap   total reserved 4042752K, committed 75776K, used 26148K [0x0000000709400000, 0x0000000800000000)
  region size 2048K, 2 young (4096K), 2 survivors (4096K)
 Metaspace       used 35419K, committed 35968K, reserved 1114112K
  class space    used 4660K, committed 4928K, reserved 1048576K
}
Event: 47.286 GC heap before
{Heap before GC invocations=9 (full 0):
 garbage-first heap   total reserved 4042752K, committed 75776K, used 58916K [0x0000000709400000, 0x0000000800000000)
  region size 2048K, 19 young (38912K), 2 survivors (4096K)
 Metaspace       used 42229K, committed 42880K, reserved 1114112K
  class space    used 5528K, committed 5824K, reserved 1048576K
}
Event: 47.295 GC heap after
{Heap after GC invocations=10 (full 0):
 garbage-first heap   total reserved 4042752K, committed 75776K, used 30201K [0x0000000709400000, 0x0000000800000000)
  region size 2048K, 3 young (6144K), 3 survivors (6144K)
 Metaspace       used 42229K, committed 42880K, reserved 1114112K
  class space    used 5528K, committed 5824K, reserved 1048576K
}

